[2024-05-29T11:30:22.049+0000] {taskinstance.py:1157} INFO - Dependencies all met for dep_context=non-requeueable deps ti=<TaskInstance: pyspark_dag.wordcount manual__2024-05-29T11:30:10.318050+00:00 [queued]>
[2024-05-29T11:30:22.079+0000] {taskinstance.py:1157} INFO - Dependencies all met for dep_context=requeueable deps ti=<TaskInstance: pyspark_dag.wordcount manual__2024-05-29T11:30:10.318050+00:00 [queued]>
[2024-05-29T11:30:22.080+0000] {taskinstance.py:1359} INFO - Starting attempt 1 of 1
[2024-05-29T11:30:22.111+0000] {taskinstance.py:1380} INFO - Executing <Task(SparkSubmitOperator): wordcount> on 2024-05-29 11:30:10.318050+00:00
[2024-05-29T11:30:22.120+0000] {standard_task_runner.py:57} INFO - Started process 195 to run task
[2024-05-29T11:30:22.126+0000] {standard_task_runner.py:84} INFO - Running: ['***', 'tasks', 'run', 'pyspark_dag', 'wordcount', 'manual__2024-05-29T11:30:10.318050+00:00', '--job-id', '3', '--raw', '--subdir', 'DAGS_FOLDER/pyspark_dag.py', '--cfg-path', '/tmp/tmprt6ow8ub']
[2024-05-29T11:30:22.133+0000] {standard_task_runner.py:85} INFO - Job 3: Subtask wordcount
[2024-05-29T11:30:22.249+0000] {task_command.py:415} INFO - Running <TaskInstance: pyspark_dag.wordcount manual__2024-05-29T11:30:10.318050+00:00 [running]> on host 44babe2f3594
[2024-05-29T11:30:22.438+0000] {taskinstance.py:1660} INFO - Exporting env vars: AIRFLOW_CTX_DAG_OWNER='Zidan Ali Zaqi' AIRFLOW_CTX_DAG_ID='pyspark_dag' AIRFLOW_CTX_TASK_ID='wordcount' AIRFLOW_CTX_EXECUTION_DATE='2024-05-29T11:30:10.318050+00:00' AIRFLOW_CTX_TRY_NUMBER='1' AIRFLOW_CTX_DAG_RUN_ID='manual__2024-05-29T11:30:10.318050+00:00'
[2024-05-29T11:30:22.473+0000] {spark_submit.py:271} INFO - Could not load connection string spark-conn, defaulting to yarn
[2024-05-29T11:30:22.478+0000] {spark_submit.py:401} INFO - Spark-Submit cmd: spark-submit --master yarn --files jobs/python/book.txt --name arrow-spark jobs/python/wordcount.py
[2024-05-29T11:30:22.914+0000] {spark_submit.py:571} INFO - /home/***/.local/lib/python3.11/site-packages/pyspark/bin/load-spark-env.sh: line 68: ps: command not found
[2024-05-29T11:30:22.925+0000] {spark_submit.py:571} INFO - /home/***/.local/lib/python3.11/site-packages/pyspark/bin/spark-class: line 71: /usr/lib/jvm/java-11-openjdk-arm64/bin/java: No such file or directory
[2024-05-29T11:30:22.932+0000] {spark_submit.py:571} INFO - /home/***/.local/lib/python3.11/site-packages/pyspark/bin/spark-class: line 97: CMD: bad array subscript
[2024-05-29T11:30:23.000+0000] {taskinstance.py:1935} ERROR - Task failed with exception
Traceback (most recent call last):
  File "/home/airflow/.local/lib/python3.11/site-packages/airflow/providers/apache/spark/operators/spark_submit.py", line 174, in execute
    self._hook.submit(self.application)
  File "/home/airflow/.local/lib/python3.11/site-packages/airflow/providers/apache/spark/hooks/spark_submit.py", line 502, in submit
    raise AirflowException(
airflow.exceptions.AirflowException: Cannot execute: spark-submit --master yarn --files jobs/python/book.txt --name arrow-spark jobs/python/wordcount.py. Error code is: 1.
[2024-05-29T11:30:23.033+0000] {taskinstance.py:1398} INFO - Marking task as FAILED. dag_id=pyspark_dag, task_id=wordcount, execution_date=20240529T113010, start_date=20240529T113022, end_date=20240529T113023
[2024-05-29T11:30:23.131+0000] {standard_task_runner.py:104} ERROR - Failed to execute job 3 for task wordcount (Cannot execute: spark-submit --master yarn --files jobs/python/book.txt --name arrow-spark jobs/python/wordcount.py. Error code is: 1.; 195)
[2024-05-29T11:30:23.170+0000] {local_task_job_runner.py:228} INFO - Task exited with return code 1
[2024-05-29T11:30:23.361+0000] {taskinstance.py:2776} INFO - 0 downstream tasks scheduled from follow-on schedule check
