[2024-05-29T07:42:25.794+0000] {taskinstance.py:1157} INFO - Dependencies all met for dep_context=non-requeueable deps ti=<TaskInstance: pyspark_dag.wordcount scheduled__2024-05-28T00:00:00+00:00 [queued]>
[2024-05-29T07:42:25.821+0000] {taskinstance.py:1157} INFO - Dependencies all met for dep_context=requeueable deps ti=<TaskInstance: pyspark_dag.wordcount scheduled__2024-05-28T00:00:00+00:00 [queued]>
[2024-05-29T07:42:25.822+0000] {taskinstance.py:1359} INFO - Starting attempt 1 of 1
[2024-05-29T07:42:25.877+0000] {taskinstance.py:1380} INFO - Executing <Task(SparkSubmitOperator): wordcount> on 2024-05-28 00:00:00+00:00
[2024-05-29T07:42:25.893+0000] {standard_task_runner.py:57} INFO - Started process 228 to run task
[2024-05-29T07:42:25.902+0000] {standard_task_runner.py:84} INFO - Running: ['***', 'tasks', 'run', 'pyspark_dag', 'wordcount', 'scheduled__2024-05-28T00:00:00+00:00', '--job-id', '6', '--raw', '--subdir', 'DAGS_FOLDER/pyspark_dag.py', '--cfg-path', '/tmp/tmp9z99mqx_']
[2024-05-29T07:42:25.910+0000] {standard_task_runner.py:85} INFO - Job 6: Subtask wordcount
[2024-05-29T07:42:26.500+0000] {task_command.py:415} INFO - Running <TaskInstance: pyspark_dag.wordcount scheduled__2024-05-28T00:00:00+00:00 [running]> on host 6a68db426262
[2024-05-29T07:42:26.914+0000] {taskinstance.py:1660} INFO - Exporting env vars: AIRFLOW_CTX_DAG_OWNER='Zidan Ali Zaqi' AIRFLOW_CTX_DAG_ID='pyspark_dag' AIRFLOW_CTX_TASK_ID='wordcount' AIRFLOW_CTX_EXECUTION_DATE='2024-05-28T00:00:00+00:00' AIRFLOW_CTX_TRY_NUMBER='1' AIRFLOW_CTX_DAG_RUN_ID='scheduled__2024-05-28T00:00:00+00:00'
[2024-05-29T07:42:26.962+0000] {base.py:73} INFO - Using connection ID 'spark-conn' for task execution.
[2024-05-29T07:42:26.965+0000] {spark_submit.py:401} INFO - Spark-Submit cmd: spark-submit --master spark://spark-master-1:7077 --name arrow-spark --deploy-mode client jobs/wordcount.py
[2024-05-29T07:42:27.845+0000] {spark_submit.py:571} INFO - /home/***/.local/lib/python3.11/site-packages/pyspark/bin/load-spark-env.sh: line 68: ps: command not found
[2024-05-29T07:42:27.859+0000] {spark_submit.py:571} INFO - /home/***/.local/lib/python3.11/site-packages/pyspark/bin/spark-class: line 71: /usr/lib/jvm/java-11-openjdk-arm64/bin/java: No such file or directory
[2024-05-29T07:42:27.862+0000] {spark_submit.py:571} INFO - /home/***/.local/lib/python3.11/site-packages/pyspark/bin/spark-class: line 97: CMD: bad array subscript
[2024-05-29T07:42:27.915+0000] {taskinstance.py:1935} ERROR - Task failed with exception
Traceback (most recent call last):
  File "/home/airflow/.local/lib/python3.11/site-packages/airflow/providers/apache/spark/operators/spark_submit.py", line 174, in execute
    self._hook.submit(self.application)
  File "/home/airflow/.local/lib/python3.11/site-packages/airflow/providers/apache/spark/hooks/spark_submit.py", line 502, in submit
    raise AirflowException(
airflow.exceptions.AirflowException: Cannot execute: spark-submit --master spark://spark-master-1:7077 --name arrow-spark --deploy-mode client jobs/wordcount.py. Error code is: 1.
[2024-05-29T07:42:27.925+0000] {taskinstance.py:1398} INFO - Marking task as FAILED. dag_id=pyspark_dag, task_id=wordcount, execution_date=20240528T000000, start_date=20240529T074225, end_date=20240529T074227
[2024-05-29T07:42:27.964+0000] {standard_task_runner.py:104} ERROR - Failed to execute job 6 for task wordcount (Cannot execute: spark-submit --master spark://spark-master-1:7077 --name arrow-spark --deploy-mode client jobs/wordcount.py. Error code is: 1.; 228)
[2024-05-29T07:42:28.011+0000] {local_task_job_runner.py:228} INFO - Task exited with return code 1
[2024-05-29T07:42:28.098+0000] {taskinstance.py:2776} INFO - 0 downstream tasks scheduled from follow-on schedule check
